2023-05-01 21:43:10.531 -03:00  DBG  Registered model binder providers, in the following order: ["Microsoft.AspNetCore.Mvc.ModelBinding.Binders.BinderTypeModelBinderProvider","Microsoft.AspNetCore.Mvc.ModelBinding.Binders.ServicesModelBinderProvider","Microsoft.AspNetCore.Mvc.ModelBinding.Binders.BodyModelBinderProvider","Microsoft.AspNetCore.Mvc.ModelBinding.Binders.HeaderModelBinderProvider","Microsoft.AspNetCore.Mvc.ModelBinding.Binders.FloatingPointTypeModelBinderProvider","Microsoft.AspNetCore.Mvc.ModelBinding.Binders.EnumTypeModelBinderProvider","Microsoft.AspNetCore.Mvc.ModelBinding.Binders.DateTimeModelBinderProvider","Microsoft.AspNetCore.Mvc.ModelBinding.Binders.SimpleTypeModelBinderProvider","Microsoft.AspNetCore.Mvc.ModelBinding.Binders.CancellationTokenModelBinderProvider","Microsoft.AspNetCore.Mvc.ModelBinding.Binders.ByteArrayModelBinderProvider","Microsoft.AspNetCore.Mvc.ModelBinding.Binders.FormFileModelBinderProvider","Microsoft.AspNetCore.Mvc.ModelBinding.Binders.FormCollectionModelBinderProvider","Microsoft.AspNetCore.Mvc.ModelBinding.Binders.KeyValuePairModelBinderProvider","Microsoft.AspNetCore.Mvc.ModelBinding.Binders.DictionaryModelBinderProvider","Microsoft.AspNetCore.Mvc.ModelBinding.Binders.ArrayModelBinderProvider","Microsoft.AspNetCore.Mvc.ModelBinding.Binders.CollectionModelBinderProvider","Microsoft.AspNetCore.Mvc.ModelBinding.Binders.ComplexObjectModelBinderProvider"]
2023-05-01 21:43:10.585 -03:00  DBG  Hosting starting
2023-05-01 21:43:10.590 -03:00  INF  User profile is available. Using '/home/matias/.aspnet/DataProtection-Keys' as key repository; keys will not be encrypted at rest.
2023-05-01 21:43:10.592 -03:00  DBG  Reading data from file '/home/matias/.aspnet/DataProtection-Keys/key-2f2c4d1b-da96-448a-a5be-0c318ac23b04.xml'.
2023-05-01 21:43:10.599 -03:00  DBG  Reading data from file '/home/matias/.aspnet/DataProtection-Keys/key-bacc5e13-b6b5-407d-8ac8-a39d005bf95c.xml'.
2023-05-01 21:43:10.603 -03:00  DBG  Found key {2f2c4d1b-da96-448a-a5be-0c318ac23b04}.
2023-05-01 21:43:10.606 -03:00  DBG  Found key {bacc5e13-b6b5-407d-8ac8-a39d005bf95c}.
2023-05-01 21:43:10.612 -03:00  DBG  Considering key {2f2c4d1b-da96-448a-a5be-0c318ac23b04} with expiration date 2023-07-30 19:39:49Z as default key.
2023-05-01 21:43:10.612 -03:00  DBG  Forwarded activator type request from Microsoft.AspNetCore.DataProtection.AuthenticatedEncryption.ConfigurationModel.AuthenticatedEncryptorDescriptorDeserializer, Microsoft.AspNetCore.DataProtection, Version=6.0.0.0, Culture=neutral, PublicKeyToken=adb9793829ddae60 to Microsoft.AspNetCore.DataProtection.AuthenticatedEncryption.ConfigurationModel.AuthenticatedEncryptorDescriptorDeserializer, Microsoft.AspNetCore.DataProtection, Culture=neutral, PublicKeyToken=adb9793829ddae60
2023-05-01 21:43:10.613 -03:00  DBG  Using managed symmetric algorithm 'System.Security.Cryptography.Aes'.
2023-05-01 21:43:10.613 -03:00  DBG  Using managed keyed hash algorithm 'System.Security.Cryptography.HMACSHA256'.
2023-05-01 21:43:10.619 -03:00  DBG  Using key {2f2c4d1b-da96-448a-a5be-0c318ac23b04} as the default key.
2023-05-01 21:43:10.619 -03:00  DBG  Key ring with default key {2f2c4d1b-da96-448a-a5be-0c318ac23b04} was loaded during application startup.
2023-05-01 21:43:10.697 -03:00  DBG  Using development certificate: CN=localhost (Thumbprint: B1785B29F5AACA8AF65930AB0BE4B7766500C3CE)
2023-05-01 21:43:10.798 -03:00  INF  Now listening on: https://localhost:7271
2023-05-01 21:43:10.798 -03:00  INF  Now listening on: http://localhost:5234
2023-05-01 21:43:10.798 -03:00  DBG  Loaded hosting startup assembly Productos
2023-05-01 21:43:10.798 -03:00  DBG  Loaded hosting startup assembly Microsoft.AspNetCore.Watch.BrowserRefresh
2023-05-01 21:43:10.800 -03:00  INF  Application started. Press Ctrl+C to shut down.
2023-05-01 21:43:10.800 -03:00  INF  Hosting environment: Development
2023-05-01 21:43:10.800 -03:00  INF  Content root path: /home/matias/Documentos/MicroServicios/ServiciosDistribuidos/Productos/
2023-05-01 21:43:10.800 -03:00  DBG  Hosting started
2023-05-01 21:43:11.041 -03:00  DBG  Connection id "0HMQAKOQ9DFMO" accepted.
2023-05-01 21:43:11.042 -03:00  DBG  Connection id "0HMQAKOQ9DFMO" started.
2023-05-01 21:43:11.062 -03:00  DBG  Connection id "0HMQAKOQ9DFMO" received FIN.
2023-05-01 21:43:11.063 -03:00  DBG  Connection id "0HMQAKOQ9DFMP" accepted.
2023-05-01 21:43:11.063 -03:00  DBG  Connection id "0HMQAKOQ9DFMP" started.
2023-05-01 21:43:11.070 -03:00  DBG  Failed to authenticate HTTPS connection.System.Security.Authentication.AuthenticationException: Authentication failed, see inner exception.
 ---> Interop+OpenSsl+SslException: SSL Handshake failed with OpenSSL error - SSL_ERROR_SSL.
 ---> Interop+Crypto+OpenSslCryptographicException: error:0A000416:SSL routines::sslv3 alert certificate unknown
   --- End of inner exception stack trace ---
   at Interop.OpenSsl.DoSslHandshake(SafeSslHandle context, ReadOnlySpan`1 input, Byte[]& sendBuf, Int32& sendCount)
   at System.Net.Security.SslStreamPal.HandshakeInternal(SafeFreeCredentials credential, SafeDeleteSslContext& context, ReadOnlySpan`1 inputBuffer, Byte[]& outputBuffer, SslAuthenticationOptions sslAuthenticationOptions)
   --- End of inner exception stack trace ---
   at System.Net.Security.SslStream.ForceAuthenticationAsync[TIOAdapter](TIOAdapter adapter, Boolean receiveFirst, Byte[] reAuthenticationData, Boolean isApm)
   at Microsoft.AspNetCore.Server.Kestrel.Https.Internal.HttpsConnectionMiddleware.OnConnectionAsync(ConnectionContext context)

2023-05-01 21:43:11.073 -03:00  DBG  Connection 0HMQAKOQ9DFMP established using the following protocol: "Tls13"
2023-05-01 21:43:11.143 -03:00  DBG  Connection id "0HMQAKOQ9DFMO" stopped.
2023-05-01 21:43:11.144 -03:00  DBG  Connection id "0HMQAKOQ9DFMO" sending FIN because: "The Socket transport's send loop completed gracefully."
2023-05-01 21:43:11.180 -03:00  INF  Request starting HTTP/2 GET https://localhost:7271/swagger - -
2023-05-01 21:43:11.187 -03:00  DBG  Wildcard detected, all requests with hosts will be allowed.
2023-05-01 21:43:11.207 -03:00  DBG  No candidates found for the request path '/swagger'
2023-05-01 21:43:11.207 -03:00  DBG  Request did not match any endpoints
2023-05-01 21:43:11.230 -03:00  INF  Request finished HTTP/2 GET https://localhost:7271/swagger - - - 301 0 - 53.3752ms
2023-05-01 21:43:11.233 -03:00  INF  Request starting HTTP/2 GET https://localhost:7271/swagger/index.html - -
2023-05-01 21:43:11.234 -03:00  DBG  No candidates found for the request path '/swagger/index.html'
2023-05-01 21:43:11.234 -03:00  DBG  Request did not match any endpoints
2023-05-01 21:43:11.279 -03:00  DBG  Response markup is scheduled to include browser refresh script injection.
2023-05-01 21:43:11.285 -03:00  DBG  Response markup was updated to include browser refresh script injection.
2023-05-01 21:43:11.286 -03:00  INF  Request finished HTTP/2 GET https://localhost:7271/swagger/index.html - - - 200 - text/html;charset=utf-8 52.1082ms
2023-05-01 21:43:11.291 -03:00  INF  Request starting HTTP/2 GET https://localhost:7271/swagger/swagger-ui.css - -
2023-05-01 21:43:11.291 -03:00  DBG  No candidates found for the request path '/swagger/swagger-ui.css'
2023-05-01 21:43:11.291 -03:00  DBG  Request did not match any endpoints
2023-05-01 21:43:11.292 -03:00  INF  Request starting HTTP/2 GET https://localhost:7271/swagger/swagger-ui-bundle.js - -
2023-05-01 21:43:11.292 -03:00  INF  Request starting HTTP/2 GET https://localhost:7271/_framework/aspnetcore-browser-refresh.js - -
2023-05-01 21:43:11.292 -03:00  DBG  No candidates found for the request path '/swagger/swagger-ui-bundle.js'
2023-05-01 21:43:11.292 -03:00  INF  Request starting HTTP/2 GET https://localhost:7271/swagger/swagger-ui-standalone-preset.js - -
2023-05-01 21:43:11.292 -03:00  DBG  Request did not match any endpoints
2023-05-01 21:43:11.292 -03:00  DBG  No candidates found for the request path '/swagger/swagger-ui-standalone-preset.js'
2023-05-01 21:43:11.292 -03:00  DBG  Request did not match any endpoints
2023-05-01 21:43:11.294 -03:00  INF  Request finished HTTP/2 GET https://localhost:7271/_framework/aspnetcore-browser-refresh.js - - - 200 11685 application/javascript;+charset=utf-8 1.9193ms
2023-05-01 21:43:11.298 -03:00  INF  Sending file. Request path: '/swagger-ui.css'. Physical path: 'N/A'
2023-05-01 21:43:11.298 -03:00  INF  Sending file. Request path: '/swagger-ui-standalone-preset.js'. Physical path: 'N/A'
2023-05-01 21:43:11.298 -03:00  INF  Request finished HTTP/2 GET https://localhost:7271/swagger/swagger-ui.css - - - 200 143632 text/css 7.1460ms
2023-05-01 21:43:11.298 -03:00  INF  Request finished HTTP/2 GET https://localhost:7271/swagger/swagger-ui-standalone-preset.js - - - 200 337162 application/javascript 6.7591ms
2023-05-01 21:43:11.308 -03:00  INF  Sending file. Request path: '/swagger-ui-bundle.js'. Physical path: 'N/A'
2023-05-01 21:43:11.310 -03:00  INF  Request finished HTTP/2 GET https://localhost:7271/swagger/swagger-ui-bundle.js - - - 200 1092889 application/javascript 18.0259ms
2023-05-01 21:43:11.414 -03:00  INF  Request starting HTTP/2 GET https://localhost:7271/swagger/v1/swagger.json - -
2023-05-01 21:43:11.415 -03:00  DBG  No candidates found for the request path '/swagger/v1/swagger.json'
2023-05-01 21:43:11.415 -03:00  DBG  Request did not match any endpoints
2023-05-01 21:43:11.498 -03:00  INF  Request finished HTTP/2 GET https://localhost:7271/swagger/v1/swagger.json - - - 200 - application/json;charset=utf-8 83.0926ms
2023-05-01 21:43:23.375 -03:00  INF  Request starting HTTP/2 GET https://localhost:7271/Producto/TestItemClaims - -
2023-05-01 21:43:23.384 -03:00  DBG  1 candidate(s) found for the request path '/Producto/TestItemClaims'
2023-05-01 21:43:23.389 -03:00  DBG  Endpoint 'Productos.Controllers.ProductoController.TestItemClaims (Productos)' with route pattern 'Producto/TestItemClaims' is valid for the request path '/Producto/TestItemClaims'
2023-05-01 21:43:23.390 -03:00  DBG  Request matched endpoint 'Productos.Controllers.ProductoController.TestItemClaims (Productos)'
2023-05-01 21:43:23.390 -03:00  DBG  Static files was skipped as the request already matched an endpoint.
2023-05-01 21:43:23.423 -03:00  DBG  AuthenticationScheme: Bearer was not authenticated.
2023-05-01 21:43:23.425 -03:00  INF  Executing endpoint 'Productos.Controllers.ProductoController.TestItemClaims (Productos)'
2023-05-01 21:43:23.432 -03:00  INF  Route matched with {action = "TestItemClaims", controller = "Producto"}. Executing controller action with signature Microsoft.AspNetCore.Mvc.IActionResult TestItemClaims() on controller Productos.Controllers.ProductoController (Productos).
2023-05-01 21:43:23.433 -03:00  DBG  Execution plan of authorization filters (in the following order): ["None"]
2023-05-01 21:43:23.433 -03:00  DBG  Execution plan of resource filters (in the following order): ["None"]
2023-05-01 21:43:23.433 -03:00  DBG  Execution plan of action filters (in the following order): ["Microsoft.AspNetCore.Mvc.Filters.ControllerActionFilter (Order: -2147483648)","Microsoft.AspNetCore.Mvc.ModelBinding.UnsupportedContentTypeFilter (Order: -3000)"]
2023-05-01 21:43:23.433 -03:00  DBG  Execution plan of exception filters (in the following order): ["None"]
2023-05-01 21:43:23.433 -03:00  DBG  Execution plan of result filters (in the following order): ["None"]
2023-05-01 21:43:23.434 -03:00  DBG  Executing controller factory for controller Productos.Controllers.ProductoController (Productos)
2023-05-01 21:43:23.434 -03:00  DBG  Executed controller factory for controller Productos.Controllers.ProductoController (Productos)
2023-05-01 21:43:23.436 -03:00  DBG  List of registered output formatters, in the following order: ["Microsoft.AspNetCore.Mvc.Formatters.HttpNoContentOutputFormatter","Microsoft.AspNetCore.Mvc.Formatters.StringOutputFormatter","Microsoft.AspNetCore.Mvc.Formatters.StreamOutputFormatter","Microsoft.AspNetCore.Mvc.Formatters.SystemTextJsonOutputFormatter"]
2023-05-01 21:43:23.437 -03:00  DBG  No information found on request to perform content negotiation.
2023-05-01 21:43:23.437 -03:00  DBG  Attempting to select an output formatter without using a content type as no explicit content types were specified for the response.
2023-05-01 21:43:23.437 -03:00  DBG  Attempting to select the first formatter in the output formatters list which can write the result.
2023-05-01 21:43:23.438 -03:00  DBG  Selected output formatter 'Microsoft.AspNetCore.Mvc.Formatters.SystemTextJsonOutputFormatter' and content type 'application/json' to write the response.
2023-05-01 21:43:23.438 -03:00  INF  Executing BadRequestObjectResult, writing value of type 'Productos.Types.HttpBadResponse'.
2023-05-01 21:43:23.445 -03:00  INF  Executed action Productos.Controllers.ProductoController.TestItemClaims (Productos) in 7.3883ms
2023-05-01 21:43:23.445 -03:00  INF  Executed endpoint 'Productos.Controllers.ProductoController.TestItemClaims (Productos)'
2023-05-01 21:43:23.445 -03:00  INF  Request finished HTTP/2 GET https://localhost:7271/Producto/TestItemClaims - - - 400 - application/json;+charset=utf-8 69.7748ms
2023-05-01 21:45:33.654 -03:00  DBG  Connection id "0HMQAKOQ9DFMP" is closing.
2023-05-01 21:45:33.660 -03:00  DBG  Connection id "0HMQAKOQ9DFMP" is closed. The last processed stream ID was 15.
2023-05-01 21:45:33.660 -03:00  DBG  Connection id "0HMQAKOQ9DFMP" received FIN.
2023-05-01 21:45:33.660 -03:00  DBG  Connection id "0HMQAKOQ9DFMP" sending FIN because: "The client closed the connection."
2023-05-01 21:45:33.662 -03:00  DBG  Connection id "0HMQAKOQ9DFMP" stopped.
2023-05-01 21:47:06.649 -03:00  DBG  Config reload token fired. Checking for changes...
2023-05-01 21:56:20.368 -03:00  INF  Application is shutting down...
2023-05-01 21:56:33.685 -03:00  INF  User profile is available. Using '/home/matias/.aspnet/DataProtection-Keys' as key repository; keys will not be encrypted at rest.
2023-05-01 21:56:33.911 -03:00  INF  Now listening on: https://localhost:7271
2023-05-01 21:56:33.911 -03:00  INF  Now listening on: http://localhost:5234
2023-05-01 21:56:33.914 -03:00  INF  Application started. Press Ctrl+C to shut down.
2023-05-01 21:56:33.914 -03:00  INF  Hosting environment: Development
2023-05-01 21:56:33.914 -03:00  INF  Content root path: /home/matias/Documentos/MicroServicios/ServiciosDistribuidos/Productos/
2023-05-01 21:56:34.211 -03:00  INF  Request starting HTTP/2 GET https://localhost:7271/swagger - -
2023-05-01 21:56:34.261 -03:00  INF  Request finished HTTP/2 GET https://localhost:7271/swagger - - - 301 0 - 52.2357ms
2023-05-01 21:56:34.266 -03:00  INF  Request starting HTTP/2 GET https://localhost:7271/swagger/index.html - -
2023-05-01 21:56:34.308 -03:00  INF  Request finished HTTP/2 GET https://localhost:7271/swagger/index.html - - - 200 - text/html;charset=utf-8 42.2457ms
2023-05-01 21:56:34.311 -03:00  INF  Request starting HTTP/2 GET https://localhost:7271/swagger/swagger-ui.css - -
2023-05-01 21:56:34.311 -03:00  INF  Request starting HTTP/2 GET https://localhost:7271/swagger/swagger-ui-standalone-preset.js - -
2023-05-01 21:56:34.311 -03:00  INF  Request starting HTTP/2 GET https://localhost:7271/swagger/swagger-ui-bundle.js - -
2023-05-01 21:56:34.311 -03:00  INF  Request starting HTTP/2 GET https://localhost:7271/_framework/aspnetcore-browser-refresh.js - -
2023-05-01 21:56:34.313 -03:00  INF  Request finished HTTP/2 GET https://localhost:7271/_framework/aspnetcore-browser-refresh.js - - - 200 11685 application/javascript;+charset=utf-8 1.7220ms
2023-05-01 21:56:34.321 -03:00  INF  Sending file. Request path: '/swagger-ui.css'. Physical path: 'N/A'
2023-05-01 21:56:34.325 -03:00  INF  Sending file. Request path: '/swagger-ui-standalone-preset.js'. Physical path: 'N/A'
2023-05-01 21:56:34.326 -03:00  INF  Request finished HTTP/2 GET https://localhost:7271/swagger/swagger-ui.css - - - 200 143632 text/css 14.4120ms
2023-05-01 21:56:34.327 -03:00  INF  Request finished HTTP/2 GET https://localhost:7271/swagger/swagger-ui-standalone-preset.js - - - 200 337162 application/javascript 16.1352ms
2023-05-01 21:56:34.328 -03:00  INF  Sending file. Request path: '/swagger-ui-bundle.js'. Physical path: 'N/A'
2023-05-01 21:56:34.328 -03:00  INF  Request finished HTTP/2 GET https://localhost:7271/swagger/swagger-ui-bundle.js - - - 200 1092889 application/javascript 17.0907ms
2023-05-01 21:56:34.436 -03:00  INF  Request starting HTTP/2 GET https://localhost:7271/swagger/v1/swagger.json - -
2023-05-01 21:56:34.505 -03:00  INF  Request finished HTTP/2 GET https://localhost:7271/swagger/v1/swagger.json - - - 200 - application/json;charset=utf-8 68.9448ms
2023-05-01 21:56:43.416 -03:00  INF  Request starting HTTP/2 GET https://localhost:7271/Producto/ObtenerProductoPorId/1 - -
2023-05-01 21:56:43.440 -03:00  INF  Executing endpoint 'Productos.Controllers.ProductoController.ObtenerProductoPorId (Productos)'
2023-05-01 21:56:43.458 -03:00  INF  Route matched with {action = "ObtenerProductoPorId", controller = "Producto"}. Executing controller action with signature System.Threading.Tasks.Task`1[Microsoft.AspNetCore.Mvc.IActionResult] ObtenerProductoPorId(Int32) on controller Productos.Controllers.ProductoController (Productos).
2023-05-01 21:56:44.613 -03:00  INF  Executing OkObjectResult, writing value of type 'Productos.Types.HttpResponseOk'.
2023-05-01 21:56:44.622 -03:00  INF  Executed action Productos.Controllers.ProductoController.ObtenerProductoPorId (Productos) in 1160.7703ms
2023-05-01 21:56:44.623 -03:00  INF  Executed endpoint 'Productos.Controllers.ProductoController.ObtenerProductoPorId (Productos)'
2023-05-01 21:56:44.624 -03:00  INF  Request finished HTTP/2 GET https://localhost:7271/Producto/ObtenerProductoPorId/1 - - - 200 - application/json;+charset=utf-8 1207.4496ms
2023-05-01 21:58:53.705 -03:00  INF  Request starting HTTP/2 POST https://localhost:7271/Producto/DarDeBajaProductoLogico application/json 23
2023-05-01 21:58:53.711 -03:00  INF  CORS policy execution successful.
2023-05-01 21:58:53.712 -03:00  INF  Executing endpoint 'Productos.Controllers.ProductoController.DarDeBajaProductoLogico (Productos)'
2023-05-01 21:58:53.715 -03:00  INF  Route matched with {action = "DarDeBajaProductoLogico", controller = "Producto"}. Executing controller action with signature System.Threading.Tasks.Task`1[Microsoft.AspNetCore.Mvc.IActionResult] DarDeBajaProductoLogico(Productos.DTOS.ProductoEliminarIdDTO) on controller Productos.Controllers.ProductoController (Productos).
2023-05-01 21:58:54.067 -03:00  INF  Executing BadRequestObjectResult, writing value of type 'Productos.Types.HttpBadResponse'.
2023-05-01 21:58:54.069 -03:00  INF  Executed action Productos.Controllers.ProductoController.DarDeBajaProductoLogico (Productos) in 353.6985ms
2023-05-01 21:58:54.069 -03:00  INF  Executed endpoint 'Productos.Controllers.ProductoController.DarDeBajaProductoLogico (Productos)'
2023-05-01 21:58:54.069 -03:00  INF  Request finished HTTP/2 POST https://localhost:7271/Producto/DarDeBajaProductoLogico application/json 23 - 400 - application/json;+charset=utf-8 363.6315ms
2023-05-01 22:01:05.489 -03:00  INF  Request starting HTTP/2 GET https://localhost:7271/swagger/index.html - -
2023-05-01 22:01:05.494 -03:00  INF  Request finished HTTP/2 GET https://localhost:7271/swagger/index.html - - - 200 - text/html;charset=utf-8 5.6588ms
2023-05-01 22:01:05.503 -03:00  INF  Request starting HTTP/2 GET https://localhost:7271/swagger/swagger-ui.css - -
2023-05-01 22:01:05.503 -03:00  INF  Request starting HTTP/2 GET https://localhost:7271/_framework/aspnetcore-browser-refresh.js - -
2023-05-01 22:01:05.504 -03:00  INF  Request finished HTTP/2 GET https://localhost:7271/_framework/aspnetcore-browser-refresh.js - - - 200 11685 application/javascript;+charset=utf-8 1.3506ms
2023-05-01 22:01:05.505 -03:00  INF  Sending file. Request path: '/swagger-ui.css'. Physical path: 'N/A'
2023-05-01 22:01:05.505 -03:00  INF  Request finished HTTP/2 GET https://localhost:7271/swagger/swagger-ui.css - - - 200 143632 text/css 2.1898ms
2023-05-01 22:01:05.563 -03:00  INF  Request starting HTTP/2 GET https://localhost:7271/swagger/v1/swagger.json - -
2023-05-01 22:01:05.565 -03:00  INF  Request starting HTTP/2 GET https://localhost:7271/swagger/favicon-32x32.png - -
2023-05-01 22:01:05.565 -03:00  INF  Sending file. Request path: '/favicon-32x32.png'. Physical path: 'N/A'
2023-05-01 22:01:05.565 -03:00  INF  Request finished HTTP/2 GET https://localhost:7271/swagger/favicon-32x32.png - - - 200 628 image/png 0.3865ms
2023-05-01 22:01:05.566 -03:00  INF  Request finished HTTP/2 GET https://localhost:7271/swagger/v1/swagger.json - - - 200 - application/json;charset=utf-8 2.3898ms
2023-05-01 22:04:13.858 -03:00  INF  Request starting HTTP/2 GET https://localhost:7271/Producto/ObtenerProductoPorId/1 - -
2023-05-01 22:04:13.859 -03:00  INF  Executing endpoint 'Productos.Controllers.ProductoController.ObtenerProductoPorId (Productos)'
2023-05-01 22:04:13.862 -03:00  INF  Route matched with {action = "ObtenerProductoPorId", controller = "Producto"}. Executing controller action with signature System.Threading.Tasks.Task`1[Microsoft.AspNetCore.Mvc.IActionResult] ObtenerProductoPorId(Int32) on controller Productos.Controllers.ProductoController (Productos).
2023-05-01 22:04:13.863 -03:00  INF  Haciendo consulta ObtenerProductoPorId 
2023-05-01 22:04:14.922 -03:00  INF  Executing OkObjectResult, writing value of type 'Productos.Types.HttpResponseOk'.
2023-05-01 22:04:14.924 -03:00  INF  Executed action Productos.Controllers.ProductoController.ObtenerProductoPorId (Productos) in 1062.1565ms
2023-05-01 22:04:14.924 -03:00  INF  Executed endpoint 'Productos.Controllers.ProductoController.ObtenerProductoPorId (Productos)'
2023-05-01 22:04:14.924 -03:00  INF  Request finished HTTP/2 GET https://localhost:7271/Producto/ObtenerProductoPorId/1 - - - 200 - application/json;+charset=utf-8 1066.4167ms
2023-05-01 22:04:59.279 -03:00  INF  Request starting HTTP/2 GET https://localhost:7271/swagger/index.html - -
2023-05-01 22:04:59.284 -03:00  INF  Request finished HTTP/2 GET https://localhost:7271/swagger/index.html - - - 200 - text/html;charset=utf-8 4.8088ms
2023-05-01 22:04:59.294 -03:00  INF  Request starting HTTP/2 GET https://localhost:7271/swagger/swagger-ui.css - -
2023-05-01 22:04:59.294 -03:00  INF  Request starting HTTP/2 GET https://localhost:7271/_framework/aspnetcore-browser-refresh.js - -
2023-05-01 22:04:59.295 -03:00  INF  Request finished HTTP/2 GET https://localhost:7271/_framework/aspnetcore-browser-refresh.js - - - 200 11685 application/javascript;+charset=utf-8 0.3487ms
2023-05-01 22:04:59.295 -03:00  INF  Sending file. Request path: '/swagger-ui.css'. Physical path: 'N/A'
2023-05-01 22:04:59.295 -03:00  INF  Request finished HTTP/2 GET https://localhost:7271/swagger/swagger-ui.css - - - 200 143632 text/css 0.9366ms
2023-05-01 22:04:59.342 -03:00  INF  Request starting HTTP/2 GET https://localhost:7271/swagger/v1/swagger.json - -
2023-05-01 22:04:59.343 -03:00  INF  Request starting HTTP/2 GET https://localhost:7271/swagger/favicon-32x32.png - -
2023-05-01 22:04:59.344 -03:00  INF  Sending file. Request path: '/favicon-32x32.png'. Physical path: 'N/A'
2023-05-01 22:04:59.344 -03:00  INF  Request finished HTTP/2 GET https://localhost:7271/swagger/favicon-32x32.png - - - 200 628 image/png 0.3117ms
2023-05-01 22:04:59.344 -03:00  INF  Request finished HTTP/2 GET https://localhost:7271/swagger/v1/swagger.json - - - 200 - application/json;charset=utf-8 2.1602ms
2023-05-01 22:05:04.523 -03:00  INF  Request starting HTTP/2 GET https://localhost:7271/Producto/ObtenerProductoPorId/1 - -
2023-05-01 22:05:04.524 -03:00  INF  Executing endpoint 'Productos.Controllers.ProductoController.ObtenerProductoPorId (Productos)'
2023-05-01 22:05:04.527 -03:00  INF  Route matched with {action = "ObtenerProductoPorId", controller = "Producto"}. Executing controller action with signature System.Threading.Tasks.Task`1[Microsoft.AspNetCore.Mvc.IActionResult] ObtenerProductoPorId(Int32) on controller Productos.Controllers.ProductoController (Productos).
2023-05-01 22:05:04.528 -03:00  INF  Haciendo consulta ObtenerProductoPorId 
2023-05-01 22:05:04.682 -03:00  INF  Executing OkObjectResult, writing value of type 'Productos.Types.HttpResponseOk'.
2023-05-01 22:05:04.684 -03:00  INF  Executed action Productos.Controllers.ProductoController.ObtenerProductoPorId (Productos) in 156.7211ms
2023-05-01 22:05:04.684 -03:00  INF  Executed endpoint 'Productos.Controllers.ProductoController.ObtenerProductoPorId (Productos)'
2023-05-01 22:05:04.684 -03:00  INF  Request finished HTTP/2 GET https://localhost:7271/Producto/ObtenerProductoPorId/1 - - - 200 - application/json;+charset=utf-8 161.1635ms
2023-05-01 22:05:12.983 -03:00  INF  Request starting HTTP/2 GET https://localhost:7271/Producto/ObtenerProductoPorId/1 - -
2023-05-01 22:05:12.985 -03:00  INF  Executing endpoint 'Productos.Controllers.ProductoController.ObtenerProductoPorId (Productos)'
2023-05-01 22:05:12.985 -03:00  INF  Route matched with {action = "ObtenerProductoPorId", controller = "Producto"}. Executing controller action with signature System.Threading.Tasks.Task`1[Microsoft.AspNetCore.Mvc.IActionResult] ObtenerProductoPorId(Int32) on controller Productos.Controllers.ProductoController (Productos).
2023-05-01 22:05:12.985 -03:00  INF  Haciendo consulta ObtenerProductoPorId 
2023-05-01 22:05:13.145 -03:00  INF  Executing OkObjectResult, writing value of type 'Productos.Types.HttpResponseOk'.
2023-05-01 22:05:13.145 -03:00  INF  Executed action Productos.Controllers.ProductoController.ObtenerProductoPorId (Productos) in 159.6725ms
2023-05-01 22:05:13.145 -03:00  INF  Executed endpoint 'Productos.Controllers.ProductoController.ObtenerProductoPorId (Productos)'
2023-05-01 22:05:13.145 -03:00  INF  Request finished HTTP/2 GET https://localhost:7271/Producto/ObtenerProductoPorId/1 - - - 200 - application/json;+charset=utf-8 162.3208ms
2023-05-01 22:06:54.819 -03:00  INF  Request starting HTTP/2 GET https://localhost:7271/swagger/index.html - -
2023-05-01 22:06:54.824 -03:00  INF  Request finished HTTP/2 GET https://localhost:7271/swagger/index.html - - - 200 - text/html;charset=utf-8 5.7486ms
2023-05-01 22:06:54.833 -03:00  INF  Request starting HTTP/2 GET https://localhost:7271/swagger/swagger-ui.css - -
2023-05-01 22:06:54.834 -03:00  INF  Request starting HTTP/2 GET https://localhost:7271/_framework/aspnetcore-browser-refresh.js - -
2023-05-01 22:06:54.836 -03:00  INF  Sending file. Request path: '/swagger-ui.css'. Physical path: 'N/A'
2023-05-01 22:06:54.836 -03:00  INF  Request finished HTTP/2 GET https://localhost:7271/swagger/swagger-ui.css - - - 200 143632 text/css 2.4493ms
2023-05-01 22:06:54.837 -03:00  INF  Request finished HTTP/2 GET https://localhost:7271/_framework/aspnetcore-browser-refresh.js - - - 200 11685 application/javascript;+charset=utf-8 2.5979ms
2023-05-01 22:06:54.899 -03:00  INF  Request starting HTTP/2 GET https://localhost:7271/swagger/v1/swagger.json - -
2023-05-01 22:06:54.900 -03:00  INF  Request finished HTTP/2 GET https://localhost:7271/swagger/v1/swagger.json - - - 200 - application/json;charset=utf-8 1.5268ms
2023-05-01 22:06:54.901 -03:00  INF  Request starting HTTP/2 GET https://localhost:7271/swagger/favicon-32x32.png - -
2023-05-01 22:06:54.902 -03:00  INF  Sending file. Request path: '/favicon-32x32.png'. Physical path: 'N/A'
2023-05-01 22:06:54.902 -03:00  INF  Request finished HTTP/2 GET https://localhost:7271/swagger/favicon-32x32.png - - - 200 628 image/png 0.2625ms
2023-05-01 22:07:14.646 -03:00  INF  Request starting HTTP/2 GET https://localhost:7271/Producto/ObtenerProductoPorId/1 - -
2023-05-01 22:07:14.646 -03:00  INF  Executing endpoint 'Productos.Controllers.ProductoController.ObtenerProductoPorId (Productos)'
2023-05-01 22:07:14.648 -03:00  INF  Route matched with {action = "ObtenerProductoPorId", controller = "Producto"}. Executing controller action with signature System.Threading.Tasks.Task`1[Microsoft.AspNetCore.Mvc.IActionResult] ObtenerProductoPorId(Int32) on controller Productos.Controllers.ProductoController (Productos).
2023-05-01 22:07:14.811 -03:00  INF  Executing OkObjectResult, writing value of type 'Productos.Types.HttpResponseOk'.
2023-05-01 22:07:14.812 -03:00  INF  Executed action Productos.Controllers.ProductoController.ObtenerProductoPorId (Productos) in 163.7552ms
2023-05-01 22:07:14.812 -03:00  INF  Executed endpoint 'Productos.Controllers.ProductoController.ObtenerProductoPorId (Productos)'
2023-05-01 22:07:14.812 -03:00  INF  Request finished HTTP/2 GET https://localhost:7271/Producto/ObtenerProductoPorId/1 - - - 200 - application/json;+charset=utf-8 166.6098ms
2023-05-01 22:09:53.300 -03:00  INF  Application is shutting down...
2023-05-01 22:22:58.981 -03:00  INF  User profile is available. Using '/home/matias/.aspnet/DataProtection-Keys' as key repository; keys will not be encrypted at rest.
2023-05-01 22:22:59.200 -03:00  INF  Now listening on: https://localhost:7271
2023-05-01 22:22:59.200 -03:00  INF  Now listening on: http://localhost:5234
2023-05-01 22:22:59.201 -03:00  INF  Application started. Press Ctrl+C to shut down.
2023-05-01 22:22:59.202 -03:00  INF  Hosting environment: Development
2023-05-01 22:22:59.202 -03:00  INF  Content root path: /home/matias/Documentos/MicroServicios/ServiciosDistribuidos/Productos/
2023-05-01 22:23:03.375 -03:00  INF  Request starting HTTP/2 GET https://localhost:7271/Producto/ObtenerProductoPorId/1 - -
2023-05-01 22:23:03.424 -03:00  INF  Executing endpoint 'Productos.Controllers.ProductoController.ObtenerProductoPorId (Productos)'
2023-05-01 22:23:03.439 -03:00  INF  Route matched with {action = "ObtenerProductoPorId", controller = "Producto"}. Executing controller action with signature System.Threading.Tasks.Task`1[Microsoft.AspNetCore.Mvc.IActionResult] ObtenerProductoPorId(Int32) on controller Productos.Controllers.ProductoController (Productos).
2023-05-01 22:23:03.908 -03:00  INF  Executing OkObjectResult, writing value of type 'Productos.Types.HttpResponseOk'.
2023-05-01 22:23:03.923 -03:00  INF  Executed action Productos.Controllers.ProductoController.ObtenerProductoPorId (Productos) in 480.8885ms
2023-05-01 22:23:03.924 -03:00  INF  Executed endpoint 'Productos.Controllers.ProductoController.ObtenerProductoPorId (Productos)'
2023-05-01 22:23:03.925 -03:00  INF  HTTP GET /Producto/ObtenerProductoPorId/1 responded 200 in 517.3773 ms
2023-05-01 22:23:03.928 -03:00  INF  Request finished HTTP/2 GET https://localhost:7271/Producto/ObtenerProductoPorId/1 - - - 200 - application/json;+charset=utf-8 554.9786ms
2023-05-01 22:23:33.077 -03:00  INF  Request starting HTTP/2 GET https://localhost:7271/Producto/ObtenerProductoPorId/1 - -
2023-05-01 22:23:33.077 -03:00  INF  Executing endpoint 'Productos.Controllers.ProductoController.ObtenerProductoPorId (Productos)'
2023-05-01 22:23:33.081 -03:00  INF  Route matched with {action = "ObtenerProductoPorId", controller = "Producto"}. Executing controller action with signature System.Threading.Tasks.Task`1[Microsoft.AspNetCore.Mvc.IActionResult] ObtenerProductoPorId(Int32) on controller Productos.Controllers.ProductoController (Productos).
2023-05-01 22:23:33.082 -03:00  INF  Haciendo consulta ObtenerProductoPorId 1 
2023-05-01 22:23:33.132 -03:00  INF  Executing OkObjectResult, writing value of type 'Productos.Types.HttpResponseOk'.
2023-05-01 22:23:33.134 -03:00  INF  Executed action Productos.Controllers.ProductoController.ObtenerProductoPorId (Productos) in 53.5046ms
2023-05-01 22:23:33.134 -03:00  INF  Executed endpoint 'Productos.Controllers.ProductoController.ObtenerProductoPorId (Productos)'
2023-05-01 22:23:33.134 -03:00  INF  HTTP GET /Producto/ObtenerProductoPorId/1 responded 200 in 57.1517 ms
2023-05-01 22:23:33.135 -03:00  INF  Request finished HTTP/2 GET https://localhost:7271/Producto/ObtenerProductoPorId/1 - - - 200 - application/json;+charset=utf-8 57.9203ms
2023-05-01 22:27:17.380 -03:00  INF  Application is shutting down...
2023-05-01 22:27:21.723 -03:00  INF  User profile is available. Using '/home/matias/.aspnet/DataProtection-Keys' as key repository; keys will not be encrypted at rest.
2023-05-01 22:27:21.946 -03:00  INF  Now listening on: https://localhost:7271
2023-05-01 22:27:21.946 -03:00  INF  Now listening on: http://localhost:5234
2023-05-01 22:27:21.947 -03:00  INF  Application started. Press Ctrl+C to shut down.
2023-05-01 22:27:21.947 -03:00  INF  Hosting environment: Development
2023-05-01 22:27:21.947 -03:00  INF  Content root path: /home/matias/Documentos/MicroServicios/ServiciosDistribuidos/Productos/
2023-05-01 22:29:19.096 -03:00  INF  Application is shutting down...
2023-05-01 22:29:23.084 -03:00  INF  User profile is available. Using '/home/matias/.aspnet/DataProtection-Keys' as key repository; keys will not be encrypted at rest.
2023-05-01 22:29:23.307 -03:00  INF  Now listening on: https://localhost:7271
2023-05-01 22:29:23.307 -03:00  INF  Now listening on: http://localhost:5234
2023-05-01 22:29:23.308 -03:00  INF  Application started. Press Ctrl+C to shut down.
2023-05-01 22:29:23.308 -03:00  INF  Hosting environment: Development
2023-05-01 22:29:23.309 -03:00  INF  Content root path: /home/matias/Documentos/MicroServicios/ServiciosDistribuidos/Productos/
2023-05-01 22:29:30.797 -03:00  INF  Application is shutting down...
2023-05-01 22:30:18.264 -03:00  INF  User profile is available. Using '/home/matias/.aspnet/DataProtection-Keys' as key repository; keys will not be encrypted at rest.
2023-05-01 22:30:18.483 -03:00  INF  Now listening on: https://localhost:7271
2023-05-01 22:30:18.483 -03:00  INF  Now listening on: http://localhost:5234
2023-05-01 22:30:18.485 -03:00  INF  Application started. Press Ctrl+C to shut down.
2023-05-01 22:30:18.485 -03:00  INF  Hosting environment: Development
2023-05-01 22:30:18.485 -03:00  INF  Content root path: /home/matias/Documentos/MicroServicios/ServiciosDistribuidos/Productos/
2023-05-01 22:32:26.090 -03:00  INF  Application is shutting down...
2023-05-01 22:32:29.911 -03:00  INF  User profile is available. Using '/home/matias/.aspnet/DataProtection-Keys' as key repository; keys will not be encrypted at rest.
2023-05-01 22:32:30.129 -03:00  INF  Now listening on: https://localhost:7271
2023-05-01 22:32:30.129 -03:00  INF  Now listening on: http://localhost:5234
2023-05-01 22:32:30.131 -03:00  INF  Application started. Press Ctrl+C to shut down.
2023-05-01 22:32:30.131 -03:00  INF  Hosting environment: Development
2023-05-01 22:32:30.131 -03:00  INF  Content root path: /home/matias/Documentos/MicroServicios/ServiciosDistribuidos/Productos/
2023-05-01 22:33:59.731 -03:00  INF  Application is shutting down...
2023-05-01 22:37:02.304 -03:00  INF  User profile is available. Using '/home/matias/.aspnet/DataProtection-Keys' as key repository; keys will not be encrypted at rest.
2023-05-01 22:37:02.523 -03:00  INF  Now listening on: https://localhost:7271
2023-05-01 22:37:02.523 -03:00  INF  Now listening on: http://localhost:5234
2023-05-01 22:37:02.525 -03:00  INF  Application started. Press Ctrl+C to shut down.
2023-05-01 22:37:02.525 -03:00  INF  Hosting environment: Development
2023-05-01 22:37:02.525 -03:00  INF  Content root path: /home/matias/Documentos/MicroServicios/ServiciosDistribuidos/Productos/
2023-05-01 22:37:45.093 -03:00  INF  Application is shutting down...
